<?xml version="1.0" encoding="UTF-8"?>
<!-- Generated by org.testng.reporters.JUnitXMLReporter -->
<testsuite hostname="Walkingtree-PC" ignored="0" name="Default test" tests="3" failures="0" timestamp="23 Feb 2018 09:25:22 GMT" time="0.053" errors="0">
  <testcase name="method4" time="0.013" classname="testngExecutionOrderSet1.class2"/>
  <testcase name="method5" time="0.002" classname="testngExecutionOrderSet1.class2"/>
  <testcase name="method6" time="0.003" classname="testngExecutionOrderSet1.class2"/>
</testsuite> <!-- Default test -->
