<?xml version="1.0" encoding="UTF-8"?>
<!-- Generated by org.testng.reporters.JUnitXMLReporter -->
<testsuite hostname="Walkingtree-PC" ignored="0" name="class level access" tests="9" failures="0" timestamp="22 Feb 2018 08:32:01 GMT" time="0.076" errors="0">
  <testcase name="method1" time="0.014" classname="testngExecutionOrderSet1.class1"/>
  <testcase name="method2" time="0.002" classname="testngExecutionOrderSet1.class1"/>
  <testcase name="method3" time="0.002" classname="testngExecutionOrderSet1.class1"/>
  <testcase name="method4" time="0.002" classname="testngExecutionOrderSet1.class2"/>
  <testcase name="method5" time="0.003" classname="testngExecutionOrderSet1.class2"/>
  <testcase name="method6" time="0.003" classname="testngExecutionOrderSet1.class2"/>
  <testcase name="method7" time="0.001" classname="testngExecutionOrderSet1.class3"/>
  <testcase name="method8" time="0.002" classname="testngExecutionOrderSet1.class3"/>
  <testcase name="method9" time="0.002" classname="testngExecutionOrderSet1.class3"/>
</testsuite> <!-- class level access -->
