<?xml version="1.0" encoding="UTF-8"?>
<testng-results skipped="0" failed="0" ignored="0" total="3" passed="3">
  <reporter-output>
  </reporter-output>
  <suite name="Default suite" duration-ms="53" started-at="2018-02-23T09:25:22Z" finished-at="2018-02-23T09:25:22Z">
    <groups>
    </groups>
    <test name="Default test" duration-ms="53" started-at="2018-02-23T09:25:22Z" finished-at="2018-02-23T09:25:22Z">
      <class name="testngExecutionOrderSet1.class2">
        <test-method status="PASS" signature="method4()[pri:0, instance:testngExecutionOrderSet1.class2@6d4b1c02]" name="method4" duration-ms="13" started-at="2018-02-23T14:55:22Z" finished-at="2018-02-23T14:55:22Z">
          <reporter-output>
          </reporter-output>
        </test-method> <!-- method4 -->
        <test-method status="PASS" signature="method5()[pri:0, instance:testngExecutionOrderSet1.class2@6d4b1c02]" name="method5" duration-ms="2" started-at="2018-02-23T14:55:22Z" finished-at="2018-02-23T14:55:22Z">
          <reporter-output>
          </reporter-output>
        </test-method> <!-- method5 -->
        <test-method status="PASS" signature="method6()[pri:0, instance:testngExecutionOrderSet1.class2@6d4b1c02]" name="method6" duration-ms="3" started-at="2018-02-23T14:55:22Z" finished-at="2018-02-23T14:55:22Z">
          <reporter-output>
          </reporter-output>
        </test-method> <!-- method6 -->
      </class> <!-- testngExecutionOrderSet1.class2 -->
    </test> <!-- Default test -->
  </suite> <!-- Default suite -->
</testng-results>
